This is LuaTeX, Version 0.95.0 (TeX Live 2016)  (format=lualatex 2017.1.3)  28 JUN 2017 14:07
 restricted system commands enabled.
**Master.tex
(/net/sw/texlive/2016/texmf-dist/tex/latex/tools/q.tex
LaTeX2e <2016/03/31> patch level 3
Babel <3.9r> and hyphenation patterns for 1 language(s) loaded.
File ignored
)
! Emergency stop.
<*> Master.tex
           
*** (job aborted, no legal \end found)



Here is how much of LuaTeX's memory you used:
 8 strings out of 495118
 100000,89155 words of node,token memory allocated 243 words of node memory still in use:
   1 dir, 2 glue, 32 glue_spec nodes
   avail lists: 2:12,3:1,4:1
 3673 multiletter control sequences out of 65536+600000
 14 fonts using 591559 bytes
 5i,0n,1p,89b,15s stack positions out of 5000i,500n,10000p,200000b,100000s
!  ==> Fatal error occurred, no output PDF file produced!
